SF:lib/features/home/data/models/symbol_price_model.dart
DA:5,0
DA:7,0
DA:8,0
DA:9,0
DA:10,0
DA:11,0
DA:14,0
DA:17,0
DA:18,0
DA:19,0
DA:20,0
DA:22,0
DA:34,1
DA:36,0
DA:37,0
DA:39,0
DA:41,0
DA:43,0
DA:45,0
DA:48,0
DA:49,0
DA:50,0
DA:51,0
DA:52,0
DA:53,0
DA:54,0
LF:26
LH:1
end_of_record
SF:lib/features/home/domain/entity/error_entity.dart
DA:6,0
LF:1
LH:0
end_of_record
SF:lib/features/home/domain/entity/symbol_entity.dart
DA:12,1
DA:14,1
DA:21,1
DA:22,1
DA:23,0
DA:24,1
DA:25,1
DA:26,0
DA:30,0
DA:32,0
LF:10
LH:6
end_of_record
SF:lib/features/home/domain/use_cases/close_web_socket_use_case.dart
DA:8,0
DA:10,0
DA:11,0
LF:3
LH:0
end_of_record
SF:lib/features/home/domain/use_cases/connect_web_socket_use_case.dart
DA:9,0
DA:11,0
DA:12,0
LF:3
LH:0
end_of_record
SF:lib/features/home/domain/use_cases/get_symbols_use_case.dart
DA:10,0
DA:12,0
DA:13,0
LF:3
LH:0
end_of_record
SF:lib/features/home/domain/use_cases/listen_price_use_case.dart
DA:9,0
DA:11,0
DA:12,0
LF:3
LH:0
end_of_record
SF:lib/features/home/domain/use_cases/subscribe_to_symbol_use_case.dart
DA:8,0
DA:10,0
DA:11,0
LF:3
LH:0
end_of_record
SF:lib/features/home/presentation/ui/bloc/home_state.dart
DA:13,1
LF:1
LH:1
end_of_record
SF:lib/features/home/presentation/ui/bloc/home_bloc.dart
DA:32,1
DA:38,2
DA:39,2
DA:40,2
DA:43,1
DA:44,4
DA:46,2
DA:47,1
DA:48,0
DA:49,0
DA:51,1
DA:52,4
DA:54,2
DA:55,1
DA:56,0
DA:57,0
DA:59,1
DA:60,2
DA:61,3
DA:62,1
DA:63,0
DA:64,0
DA:66,1
DA:67,1
DA:72,4
DA:73,1
DA:74,1
DA:75,0
DA:76,0
DA:78,1
DA:80,2
DA:84,0
DA:85,0
DA:94,1
DA:96,5
DA:97,7
DA:99,1
DA:100,1
DA:101,1
DA:103,1
DA:105,2
DA:107,2
DA:112,1
DA:119,4
DA:122,1
DA:124,2
DA:125,2
DA:126,1
LF:48
LH:38
end_of_record
